00:27:45 Запуск событий крона rcl_cron_hourly
01:18:40 Запуск событий крона rcl_cron_hourly
02:41:03 Запуск событий крона rcl_cron_hourly
03:15:04 Запуск событий крона rcl_cron_hourly
04:14:47 Запуск событий крона rcl_cron_hourly
05:48:58 Запуск событий крона rcl_cron_hourly
06:21:39 Запуск событий крона rcl_cron_hourly
07:15:32 Запуск событий крона rcl_cron_hourly
08:17:32 Запуск событий крона rcl_cron_hourly
09:22:06 Запуск событий крона rcl_cron_hourly
09:30:24 Запуск событий крона rcl_cron_twicedaily
09:30:24 Отправка запроса на сервер обновления для получение последних версий установленных дополнений
09:31:36 Не удалось открыть файл с данными дополнений для проверки обновлений
http://downloads.codeseller.ru/products-files/info/light-info.xml
09:46:11 Запуск событий крона rcl_cron_daily
10:13:35 Запуск событий крона rcl_cron_hourly
11:15:09 Запуск событий крона rcl_cron_hourly
12:19:23 Запуск событий крона rcl_cron_hourly
13:13:37 Запуск событий крона rcl_cron_hourly
14:24:22 Запуск событий крона rcl_cron_hourly
15:14:57 Запуск событий крона rcl_cron_hourly
16:14:10 Запуск событий крона rcl_cron_hourly
17:34:02 Запуск событий крона rcl_cron_hourly
18:15:23 Запуск событий крона rcl_cron_hourly
19:13:24 Запуск событий крона rcl_cron_hourly
20:15:44 Запуск событий крона rcl_cron_hourly
21:15:59 Запуск событий крона rcl_cron_hourly
21:29:46 Запуск событий крона rcl_cron_twicedaily
21:29:46 Отправка запроса на сервер обновления для получение последних версий установленных дополнений
22:21:31 Запуск событий крона rcl_cron_hourly
23:24:40 Запуск событий крона rcl_cron_hourly
