00:28:37 Запуск событий крона rcl_cron_hourly
01:23:28 Запуск событий крона rcl_cron_hourly
02:23:40 Запуск событий крона rcl_cron_hourly
03:31:27 Запуск событий крона rcl_cron_hourly
04:26:10 Запуск событий крона rcl_cron_hourly
05:16:42 Запуск событий крона rcl_cron_hourly
06:19:48 Запуск событий крона rcl_cron_hourly
07:13:33 Запуск событий крона rcl_cron_hourly
08:13:28 Запуск событий крона rcl_cron_hourly
09:26:57 Запуск событий крона rcl_cron_hourly
09:28:30 Запуск событий крона rcl_cron_twicedaily
09:28:30 Отправка запроса на сервер обновления для получение последних версий установленных дополнений
09:29:30 Не удалось открыть файл с данными дополнений для проверки обновлений
http://downloads.codeseller.ru/products-files/info/light-info.xml
09:44:41 Запуск событий крона rcl_cron_daily
10:18:14 Запуск событий крона rcl_cron_hourly
11:13:49 Запуск событий крона rcl_cron_hourly
12:14:35 Запуск событий крона rcl_cron_hourly
13:15:56 Запуск событий крона rcl_cron_hourly
14:16:35 Запуск событий крона rcl_cron_hourly
15:20:50 Запуск событий крона rcl_cron_hourly
16:13:39 Запуск событий крона rcl_cron_hourly
17:15:05 Запуск событий крона rcl_cron_hourly
18:20:38 Запуск событий крона rcl_cron_hourly
19:23:09 Запуск событий крона rcl_cron_hourly
20:19:15 Запуск событий крона rcl_cron_hourly
21:15:04 Запуск событий крона rcl_cron_hourly
21:28:52 Запуск событий крона rcl_cron_twicedaily
21:28:52 Отправка запроса на сервер обновления для получение последних версий установленных дополнений
22:19:58 Запуск событий крона rcl_cron_hourly
23:18:46 Запуск событий крона rcl_cron_hourly
